<?xml version="1.0" encoding="UTF-8"?>
<!-- Generated by org.testng.reporters.JUnitReportReporter -->
<testsuite hostname="MALLIKARJUNA-PC" failures="0" tests="4" name="xlByte.AddTenantTest" time="24.069" errors="0" timestamp="2022-02-06T17:03:49 IST" skipped="0">
  <testcase classname="xlByte.AddTenantTest" name="verifyTenantValidation" time="22.363"/>
  <system-out/>
  <testcase classname="xlByte.AddTenantTest" name="verifyTenant" time="0.327"/>
  <system-out/>
  <testcase classname="xlByte.AddTenantTest" name="deActivateTenant" time="0.970"/>
  <system-out/>
  <testcase classname="xlByte.AddTenantTest" name="activateTenant" time="0.409"/>
  <system-out/>
</testsuite> <!-- xlByte.AddTenantTest -->
