<?xml version="1.0" encoding="UTF-8"?>
<!-- Generated by org.testng.reporters.JUnitReportReporter -->
<testsuite hostname="MALLIKARJUNA-PC" failures="0" tests="4" name="xlByte.AddTenantTest" time="30.136" errors="0" timestamp="2022-01-16T12:35:37 IST" skipped="0">
  <testcase classname="xlByte.AddTenantTest" name="verifyTenantValidation" time="28.158"/>
  <system-out/>
  <testcase classname="xlByte.AddTenantTest" name="verifyTenant" time="0.435"/>
  <system-out/>
  <testcase classname="xlByte.AddTenantTest" name="deActivateTenant" time="1.220"/>
  <system-out/>
  <testcase classname="xlByte.AddTenantTest" name="activateTenant" time="0.323"/>
  <system-out/>
</testsuite> <!-- xlByte.AddTenantTest -->
