<?xml version="1.0" encoding="UTF-8"?>
<!-- Generated by org.testng.reporters.JUnitReportReporter -->
<testsuite hostname="MALLIKARJUNA-PC" failures="0" tests="2" name="xlByte.SuperAdminLoginTest" time="16.544" errors="0" timestamp="2022-01-16T12:35:37 IST" skipped="0">
  <testcase classname="xlByte.SuperAdminLoginTest" name="testSuperAdminLogin" time="16.449"/>
  <system-out/>
  <testcase classname="xlByte.SuperAdminLoginTest" name="clickOnLogout" time="0.095"/>
  <system-out/>
</testsuite> <!-- xlByte.SuperAdminLoginTest -->
