<?xml version="1.0" encoding="UTF-8"?>
<!-- Generated by org.testng.reporters.JUnitReportReporter -->
<testsuite hostname="MALLIKARJUNA-PC" failures="0" tests="2" name="xlByte.SuperAdminLoginTest" time="16.466" errors="0" timestamp="2022-02-06T17:03:49 IST" skipped="0">
  <testcase classname="xlByte.SuperAdminLoginTest" name="testSuperAdminLogin" time="16.403"/>
  <system-out/>
  <testcase classname="xlByte.SuperAdminLoginTest" name="clickOnLogout" time="0.063"/>
  <system-out/>
</testsuite> <!-- xlByte.SuperAdminLoginTest -->
