<?xml version="1.0" encoding="UTF-8"?>
<!-- Generated by org.testng.reporters.JUnitReportReporter -->
<testsuite hostname="MALLIKARJUNA-PC" failures="0" tests="6" name="xlByte.SuperAdminLoginPage" time="20.430" errors="0" timestamp="2022-01-15T12:04:28 IST" skipped="0">
  <testcase classname="xlByte.SuperAdminLoginPage" name="testSuperAdminLogin" time="11.487"/>
  <system-out/>
  <testcase classname="xlByte.SuperAdminLoginPage" name="verifyTenant" time="0.395"/>
  <system-out/>
  <testcase classname="xlByte.SuperAdminLoginPage" name="deActivateTenant" time="0.671"/>
  <system-out/>
  <testcase classname="xlByte.SuperAdminLoginPage" name="activateTenant" time="0.379"/>
  <system-out/>
  <testcase classname="xlByte.SuperAdminLoginPage" name="editTenant" time="7.434"/>
  <system-out/>
  <testcase classname="xlByte.SuperAdminLoginPage" name="clickOnLogout" time="0.064"/>
  <system-out/>
</testsuite> <!-- xlByte.SuperAdminLoginPage -->
