<?xml version="1.0" encoding="UTF-8"?>
<!-- Generated by org.testng.reporters.JUnitReportReporter -->
<testsuite hostname="MALLIKARJUNA-PC" failures="0" tests="1" name="mailcreation" time="51.384" errors="0" timestamp="2022-01-23T12:53:55 IST" skipped="0">
  <testcase classname="mailcreation" name="login" time="51.384"/>
  <system-out/>
</testsuite> <!-- mailcreation -->
