<?xml version="1.0" encoding="UTF-8"?>
<!-- Generated by org.testng.reporters.JUnitReportReporter -->
<testsuite hostname="MALLIKARJUNA-PC" failures="0" tests="1" name="xlByte.MailSettingToTenantTest" time="25.402" errors="0" timestamp="2022-02-06T17:03:49 IST" skipped="0">
  <testcase classname="xlByte.MailSettingToTenantTest" name="addMailSetttings" time="25.402"/>
  <system-out/>
</testsuite> <!-- xlByte.MailSettingToTenantTest -->
