<?xml version="1.0" encoding="UTF-8"?>
<!-- Generated by org.testng.reporters.JUnitReportReporter -->
<testsuite hostname="MALLIKARJUNA-PC" failures="0" tests="1" name="xlByte.MailSettingToTenant" time="18.214" errors="0" timestamp="2022-01-16T11:19:11 IST" skipped="0">
  <testcase classname="xlByte.MailSettingToTenant" name="addMailSetttings" time="18.214"/>
  <system-out/>
</testsuite> <!-- xlByte.MailSettingToTenant -->
