<?xml version="1.0" encoding="UTF-8"?>
<!-- Generated by org.testng.reporters.JUnitReportReporter -->
<testsuite hostname="MALLIKARJUNA-PC" failures="0" tests="2" name="xlByte.SuperAdminLoginTest" time="11.508" errors="0" timestamp="2022-02-07T17:03:53 IST" skipped="0">
  <testcase classname="xlByte.SuperAdminLoginTest" name="testSuperAdminLogin" time="11.445"/>
  <system-out/>
  <testcase classname="xlByte.SuperAdminLoginTest" name="clickOnLogout" time="0.063"/>
  <system-out/>
</testsuite> <!-- xlByte.SuperAdminLoginTest -->
