<?xml version="1.0" encoding="UTF-8"?>
<!-- Generated by org.testng.reporters.JUnitReportReporter -->
<testsuite hostname="MALLIKARJUNA-PC" failures="0" tests="1" name="xlByte.MailSettingToTenantTest" time="24.121" errors="0" timestamp="2022-01-16T12:32:55 IST" skipped="0">
  <testcase classname="xlByte.MailSettingToTenantTest" name="addMailSetttings" time="24.121"/>
  <system-out/>
</testsuite> <!-- xlByte.MailSettingToTenantTest -->
