<?xml version="1.0" encoding="UTF-8"?>
<!-- Generated by org.testng.reporters.JUnitReportReporter -->
<testsuite hostname="MALLIKARJUNA-PC" failures="0" tests="4" name="xlByte.AddTenantTest" time="29.769" errors="0" timestamp="2022-01-16T12:32:55 IST" skipped="0">
  <testcase classname="xlByte.AddTenantTest" name="verifyTenantValidation" time="27.597"/>
  <system-out/>
  <testcase classname="xlByte.AddTenantTest" name="verifyTenant" time="0.535"/>
  <system-out/>
  <testcase classname="xlByte.AddTenantTest" name="deActivateTenant" time="1.265"/>
  <system-out/>
  <testcase classname="xlByte.AddTenantTest" name="activateTenant" time="0.372"/>
  <system-out/>
</testsuite> <!-- xlByte.AddTenantTest -->
